The system cannot find the file specified.
2026-02-24 02:22:43,109 | INFO | MainThread | logger initialized file=C:\AI\VideoGen\logs\20260224_022243_videogen_pid13672.log level=DEBUG
INFO:     Started server process [13672]
INFO:     Waiting for application startup.
2026-02-24 02:22:43,157 | WARNING | MainThread | startup preload skipped on ROCm for stability. Set VIDEOGEN_ALLOW_ROCM_STARTUP_PRELOAD=1 to force.
INFO:     Application startup complete.
INFO:     Uvicorn running on http://0.0.0.0:8000 (Press CTRL+C to quit)
2026-02-24 02:22:46,900 | DEBUG | MainThread | request method=GET path=/api/system/info query= status=200 elapsed_ms=3247.2
2026-02-24 02:22:47,343 | DEBUG | MainThread | request method=GET path=/api/system/info query= status=200 elapsed_ms=0.9
2026-02-24 02:22:47,395 | DEBUG | MainThread | request method=GET path=/api/models/local query=limit=500 status=200 elapsed_ms=10.8
2026-02-24 02:22:47,422 | INFO | AnyIO worker thread | task created id=6613bd96-b149-4ebc-a0e7-8f240f8681f5 type=text2video message=Generation queued
2026-02-24 02:22:47,423 | INFO | AnyIO worker thread | text2video requested task_id=6613bd96-b149-4ebc-a0e7-8f240f8681f5 model=C:\AI\VideoGen\models\ali-vilab--text-to-video-ms-1.7b loras=(none) lora_scale=1.0 prompt_len=90 negative_len=78 steps=20 frames=30 guidance=9.0 fps=6 seed=42
2026-02-24 02:22:47,424 | INFO | MainThread | request method=POST path=/api/generate/text2video query= status=200 elapsed_ms=3.4
2026-02-24 02:22:47,425 | INFO | Thread-1 (text2video_worker) | text2video start task_id=6613bd96-b149-4ebc-a0e7-8f240f8681f5 model=C:\AI\VideoGen\models\ali-vilab--text-to-video-ms-1.7b loras=(none) lora_scale=1.0 steps=20 frames=30 guidance=9.0 fps=6 seed=42
2026-02-24 02:22:47,427 | INFO | Thread-1 (text2video_worker) | task status id=6613bd96-b149-4ebc-a0e7-8f240f8681f5 type=text2video queued->running progress=0.050 message=Loading model
2026-02-24 02:22:47,427 | INFO | Thread-1 (text2video_worker) | pipeline load start kind=text-to-video model_ref=C:\AI\VideoGen\models\ali-vilab--text-to-video-ms-1.7b source=C:\AI\VideoGen\models\ali-vilab--text-to-video-ms-1.7b device=cuda dtype=torch.float16
Loading pipeline components...:   0%|          | 0/5 [00:00<?, ?it/s]Loading pipeline components...:  40%|████      | 2/5 [00:00<00:00,  8.98it/s]`torch_dtype` is deprecated! Use `dtype` instead!
Loading pipeline components...:  60%|██████    | 3/5 [00:01<00:00,  2.56it/s]Loading pipeline components...: 100%|██████████| 5/5 [00:03<00:00,  1.17it/s]Loading pipeline components...: 100%|██████████| 5/5 [00:03<00:00,  1.44it/s]
The TextToVideoSDPipeline has been deprecated and will not receive bug fixes or feature updates after Diffusers version 0.33.1. 
2026-02-24 02:22:51,995 | INFO | Thread-1 (text2video_worker) | pipeline load done kind=text-to-video source=C:\AI\VideoGen\models\ali-vilab--text-to-video-ms-1.7b elapsed_ms=4568.0
2026-02-24 02:22:52,005 | DEBUG | Thread-1 (text2video_worker) | step callback mode task_id=6613bd96-b149-4ebc-a0e7-8f240f8681f5 mode=callback
2026-02-24 02:22:52,005 | INFO | Thread-1 (text2video_worker) | text2video inference start task_id=6613bd96-b149-4ebc-a0e7-8f240f8681f5 model=C:\AI\VideoGen\models\ali-vilab--text-to-video-ms-1.7b steps=20 frames=30 guidance=9.0 callback_keys=callback,callback_steps
2026-02-24 02:22:52,006 | DEBUG | Thread-1 (text2video_worker) | pipeline call kwargs pipe=TextToVideoSDPipeline accept_var_kwargs=False provided=9 passed=8 dropped=['cross_attention_kwargs']
2026-02-24 02:22:54,793 | DEBUG | Thread-1 (text2video_worker) | task progress step task_id=6613bd96-b149-4ebc-a0e7-8f240f8681f5 message=Generating frames step=1 total=20 progress=0.3765
2026-02-24 02:22:54,888 | DEBUG | Thread-1 (text2video_worker) | task progress step task_id=6613bd96-b149-4ebc-a0e7-8f240f8681f5 message=Generating frames step=2 total=20 progress=0.4030
2026-02-24 02:22:54,924 | DEBUG | Thread-1 (text2video_worker) | task progress step task_id=6613bd96-b149-4ebc-a0e7-8f240f8681f5 message=Generating frames step=3 total=20 progress=0.4295
2026-02-24 02:22:54,959 | DEBUG | Thread-1 (text2video_worker) | task progress step task_id=6613bd96-b149-4ebc-a0e7-8f240f8681f5 message=Generating frames step=4 total=20 progress=0.4560
2026-02-24 02:22:54,993 | DEBUG | Thread-1 (text2video_worker) | task progress step task_id=6613bd96-b149-4ebc-a0e7-8f240f8681f5 message=Generating frames step=5 total=20 progress=0.4825
2026-02-24 02:22:55,026 | DEBUG | Thread-1 (text2video_worker) | task progress step task_id=6613bd96-b149-4ebc-a0e7-8f240f8681f5 message=Generating frames step=6 total=20 progress=0.5090
2026-02-24 02:22:55,061 | DEBUG | Thread-1 (text2video_worker) | task progress step task_id=6613bd96-b149-4ebc-a0e7-8f240f8681f5 message=Generating frames step=7 total=20 progress=0.5355
2026-02-24 02:22:55,094 | DEBUG | Thread-1 (text2video_worker) | task progress step task_id=6613bd96-b149-4ebc-a0e7-8f240f8681f5 message=Generating frames step=8 total=20 progress=0.5620
2026-02-24 02:22:55,127 | DEBUG | Thread-1 (text2video_worker) | task progress step task_id=6613bd96-b149-4ebc-a0e7-8f240f8681f5 message=Generating frames step=9 total=20 progress=0.5885
2026-02-24 02:22:55,162 | DEBUG | Thread-1 (text2video_worker) | task progress step task_id=6613bd96-b149-4ebc-a0e7-8f240f8681f5 message=Generating frames step=10 total=20 progress=0.6150
2026-02-24 02:22:55,197 | DEBUG | Thread-1 (text2video_worker) | task progress step task_id=6613bd96-b149-4ebc-a0e7-8f240f8681f5 message=Generating frames step=11 total=20 progress=0.6415
2026-02-24 02:22:55,231 | DEBUG | Thread-1 (text2video_worker) | task progress step task_id=6613bd96-b149-4ebc-a0e7-8f240f8681f5 message=Generating frames step=12 total=20 progress=0.6680
2026-02-24 02:22:55,266 | DEBUG | Thread-1 (text2video_worker) | task progress step task_id=6613bd96-b149-4ebc-a0e7-8f240f8681f5 message=Generating frames step=13 total=20 progress=0.6945
2026-02-24 02:22:55,301 | DEBUG | Thread-1 (text2video_worker) | task progress step task_id=6613bd96-b149-4ebc-a0e7-8f240f8681f5 message=Generating frames step=14 total=20 progress=0.7210
2026-02-24 02:22:55,335 | DEBUG | Thread-1 (text2video_worker) | task progress step task_id=6613bd96-b149-4ebc-a0e7-8f240f8681f5 message=Generating frames step=15 total=20 progress=0.7475
2026-02-24 02:22:55,369 | DEBUG | Thread-1 (text2video_worker) | task progress step task_id=6613bd96-b149-4ebc-a0e7-8f240f8681f5 message=Generating frames step=16 total=20 progress=0.7740
2026-02-24 02:22:55,402 | DEBUG | Thread-1 (text2video_worker) | task progress step task_id=6613bd96-b149-4ebc-a0e7-8f240f8681f5 message=Generating frames step=17 total=20 progress=0.8005
2026-02-24 02:22:55,435 | DEBUG | Thread-1 (text2video_worker) | task progress step task_id=6613bd96-b149-4ebc-a0e7-8f240f8681f5 message=Generating frames step=18 total=20 progress=0.8270
2026-02-24 02:22:55,470 | DEBUG | Thread-1 (text2video_worker) | task progress step task_id=6613bd96-b149-4ebc-a0e7-8f240f8681f5 message=Generating frames step=19 total=20 progress=0.8535
2026-02-24 02:22:55,508 | DEBUG | Thread-1 (text2video_worker) | task progress step task_id=6613bd96-b149-4ebc-a0e7-8f240f8681f5 message=Generating frames step=20 total=20 progress=0.8800
2026-02-24 02:26:23,981 | INFO | Thread-1 (text2video_worker) | text2video frame generation done task_id=6613bd96-b149-4ebc-a0e7-8f240f8681f5 elapsed_ms=211978.0
2026-02-24 02:26:24,240 | INFO | Thread-1 (text2video_worker) | video encoded with hardware codec=h264_amf path=C:\AI\VideoGen\outputs\text2video_6613bd96-b149-4ebc-a0e7-8f240f8681f5.mp4 frames=30 fps=6 sample_shape=(256, 256, 3) sample_dtype=uint8
2026-02-24 02:26:24,240 | INFO | Thread-1 (text2video_worker) | text2video encoding done task_id=6613bd96-b149-4ebc-a0e7-8f240f8681f5 encoder=h264_amf elapsed_ms=248.4
2026-02-24 02:26:24,240 | INFO | Thread-1 (text2video_worker) | task status id=6613bd96-b149-4ebc-a0e7-8f240f8681f5 type=text2video running->completed progress=1.000 message=Done
2026-02-24 02:26:24,240 | INFO | Thread-1 (text2video_worker) | text2video done task_id=6613bd96-b149-4ebc-a0e7-8f240f8681f5 output=C:\AI\VideoGen\outputs\text2video_6613bd96-b149-4ebc-a0e7-8f240f8681f5.mp4
