The system cannot find the file specified.
[WARN] transformers compatibility check failed. Re-installing requirements...
Requirement already satisfied: fastapi>=0.115.0 in .\venv\Lib\site-packages (from -r requirements.txt (line 1)) (0.129.2)
Requirement already satisfied: uvicorn>=0.30.0 in .\venv\Lib\site-packages (from uvicorn[standard]>=0.30.0->-r requirements.txt (line 2)) (0.41.0)
Requirement already satisfied: diffusers>=0.30.0 in .\venv\Lib\site-packages (from -r requirements.txt (line 3)) (0.36.0)
Requirement already satisfied: transformers<5,>=4.44.0 in .\venv\Lib\site-packages (from -r requirements.txt (line 4)) (4.57.6)
Requirement already satisfied: accelerate>=0.33.0 in .\venv\Lib\site-packages (from -r requirements.txt (line 5)) (1.12.0)
Requirement already satisfied: peft>=0.18.0 in .\venv\Lib\site-packages (from -r requirements.txt (line 6)) (0.18.1)
Requirement already satisfied: huggingface_hub>=0.24.0 in .\venv\Lib\site-packages (from -r requirements.txt (line 7)) (0.36.2)
Requirement already satisfied: safetensors>=0.4.0 in .\venv\Lib\site-packages (from -r requirements.txt (line 8)) (0.7.0)
Requirement already satisfied: pillow>=10.4.0 in .\venv\Lib\site-packages (from -r requirements.txt (line 9)) (12.1.1)
Requirement already satisfied: python-multipart>=0.0.9 in .\venv\Lib\site-packages (from -r requirements.txt (line 10)) (0.0.22)
Requirement already satisfied: imageio>=2.35.0 in .\venv\Lib\site-packages (from -r requirements.txt (line 11)) (2.37.2)
Requirement already satisfied: imageio-ffmpeg>=0.5.1 in .\venv\Lib\site-packages (from -r requirements.txt (line 12)) (0.6.0)
Requirement already satisfied: sentencepiece>=0.2.0 in .\venv\Lib\site-packages (from -r requirements.txt (line 13)) (0.2.1)
Requirement already satisfied: filelock in .\venv\Lib\site-packages (from transformers<5,>=4.44.0->-r requirements.txt (line 4)) (3.24.3)
Requirement already satisfied: numpy>=1.17 in .\venv\Lib\site-packages (from transformers<5,>=4.44.0->-r requirements.txt (line 4)) (2.4.2)
Requirement already satisfied: packaging>=20.0 in .\venv\Lib\site-packages (from transformers<5,>=4.44.0->-r requirements.txt (line 4)) (26.0)
Requirement already satisfied: pyyaml>=5.1 in .\venv\Lib\site-packages (from transformers<5,>=4.44.0->-r requirements.txt (line 4)) (6.0.3)
Requirement already satisfied: regex!=2019.12.17 in .\venv\Lib\site-packages (from transformers<5,>=4.44.0->-r requirements.txt (line 4)) (2026.2.19)
Requirement already satisfied: requests in .\venv\Lib\site-packages (from transformers<5,>=4.44.0->-r requirements.txt (line 4)) (2.32.5)
Requirement already satisfied: tokenizers<=0.23.0,>=0.22.0 in .\venv\Lib\site-packages (from transformers<5,>=4.44.0->-r requirements.txt (line 4)) (0.22.2)
Requirement already satisfied: tqdm>=4.27 in .\venv\Lib\site-packages (from transformers<5,>=4.44.0->-r requirements.txt (line 4)) (4.67.3)
Requirement already satisfied: fsspec>=2023.5.0 in .\venv\Lib\site-packages (from huggingface_hub>=0.24.0->-r requirements.txt (line 7)) (2026.2.0)
Requirement already satisfied: typing-extensions>=3.7.4.3 in .\venv\Lib\site-packages (from huggingface_hub>=0.24.0->-r requirements.txt (line 7)) (4.15.0)
Requirement already satisfied: starlette<1.0.0,>=0.40.0 in .\venv\Lib\site-packages (from fastapi>=0.115.0->-r requirements.txt (line 1)) (0.52.1)
Requirement already satisfied: pydantic>=2.7.0 in .\venv\Lib\site-packages (from fastapi>=0.115.0->-r requirements.txt (line 1)) (2.12.5)
Requirement already satisfied: typing-inspection>=0.4.2 in .\venv\Lib\site-packages (from fastapi>=0.115.0->-r requirements.txt (line 1)) (0.4.2)
Requirement already satisfied: annotated-doc>=0.0.2 in .\venv\Lib\site-packages (from fastapi>=0.115.0->-r requirements.txt (line 1)) (0.0.4)
Requirement already satisfied: anyio<5,>=3.6.2 in .\venv\Lib\site-packages (from starlette<1.0.0,>=0.40.0->fastapi>=0.115.0->-r requirements.txt (line 1)) (4.12.1)
Requirement already satisfied: idna>=2.8 in .\venv\Lib\site-packages (from anyio<5,>=3.6.2->starlette<1.0.0,>=0.40.0->fastapi>=0.115.0->-r requirements.txt (line 1)) (3.11)
Requirement already satisfied: click>=7.0 in .\venv\Lib\site-packages (from uvicorn>=0.30.0->uvicorn[standard]>=0.30.0->-r requirements.txt (line 2)) (8.3.1)
Requirement already satisfied: h11>=0.8 in .\venv\Lib\site-packages (from uvicorn>=0.30.0->uvicorn[standard]>=0.30.0->-r requirements.txt (line 2)) (0.16.0)
Requirement already satisfied: importlib_metadata in .\venv\Lib\site-packages (from diffusers>=0.30.0->-r requirements.txt (line 3)) (8.7.1)
Requirement already satisfied: httpx<1.0.0 in .\venv\Lib\site-packages (from diffusers>=0.30.0->-r requirements.txt (line 3)) (0.28.1)
Requirement already satisfied: certifi in .\venv\Lib\site-packages (from httpx<1.0.0->diffusers>=0.30.0->-r requirements.txt (line 3)) (2026.1.4)
Requirement already satisfied: httpcore==1.* in .\venv\Lib\site-packages (from httpx<1.0.0->diffusers>=0.30.0->-r requirements.txt (line 3)) (1.0.9)
Requirement already satisfied: psutil in .\venv\Lib\site-packages (from accelerate>=0.33.0->-r requirements.txt (line 5)) (7.2.2)
Requirement already satisfied: torch>=2.0.0 in .\venv\Lib\site-packages (from accelerate>=0.33.0->-r requirements.txt (line 5)) (2.9.1+rocmsdk20260116)
Requirement already satisfied: colorama in .\venv\Lib\site-packages (from click>=7.0->uvicorn>=0.30.0->uvicorn[standard]>=0.30.0->-r requirements.txt (line 2)) (0.4.6)
Requirement already satisfied: annotated-types>=0.6.0 in .\venv\Lib\site-packages (from pydantic>=2.7.0->fastapi>=0.115.0->-r requirements.txt (line 1)) (0.7.0)
Requirement already satisfied: pydantic-core==2.41.5 in .\venv\Lib\site-packages (from pydantic>=2.7.0->fastapi>=0.115.0->-r requirements.txt (line 1)) (2.41.5)
Requirement already satisfied: setuptools in .\venv\Lib\site-packages (from torch>=2.0.0->accelerate>=0.33.0->-r requirements.txt (line 5)) (82.0.0)
Requirement already satisfied: sympy>=1.13.3 in .\venv\Lib\site-packages (from torch>=2.0.0->accelerate>=0.33.0->-r requirements.txt (line 5)) (1.14.0)
Requirement already satisfied: networkx>=2.5.1 in .\venv\Lib\site-packages (from torch>=2.0.0->accelerate>=0.33.0->-r requirements.txt (line 5)) (3.6.1)
Requirement already satisfied: jinja2 in .\venv\Lib\site-packages (from torch>=2.0.0->accelerate>=0.33.0->-r requirements.txt (line 5)) (3.1.6)
Requirement already satisfied: rocm==7.2.0.dev0 in .\venv\Lib\site-packages (from rocm[libraries]==7.2.0.dev0->torch>=2.0.0->accelerate>=0.33.0->-r requirements.txt (line 5)) (7.2.0.dev0)
Requirement already satisfied: rocm-sdk-core==7.2.0.dev0 in .\venv\Lib\site-packages (from rocm==7.2.0.dev0->rocm[libraries]==7.2.0.dev0->torch>=2.0.0->accelerate>=0.33.0->-r requirements.txt (line 5)) (7.2.0.dev0)
Requirement already satisfied: rocm-sdk-libraries-custom==7.2.0.dev0 in .\venv\Lib\site-packages (from rocm[libraries]==7.2.0.dev0->torch>=2.0.0->accelerate>=0.33.0->-r requirements.txt (line 5)) (7.2.0.dev0)
Requirement already satisfied: mpmath<1.4,>=1.1.0 in .\venv\Lib\site-packages (from sympy>=1.13.3->torch>=2.0.0->accelerate>=0.33.0->-r requirements.txt (line 5)) (1.3.0)
Requirement already satisfied: httptools>=0.6.3 in .\venv\Lib\site-packages (from uvicorn[standard]>=0.30.0->-r requirements.txt (line 2)) (0.7.1)
Requirement already satisfied: python-dotenv>=0.13 in .\venv\Lib\site-packages (from uvicorn[standard]>=0.30.0->-r requirements.txt (line 2)) (1.2.1)
Requirement already satisfied: watchfiles>=0.20 in .\venv\Lib\site-packages (from uvicorn[standard]>=0.30.0->-r requirements.txt (line 2)) (1.1.1)
Requirement already satisfied: websockets>=10.4 in .\venv\Lib\site-packages (from uvicorn[standard]>=0.30.0->-r requirements.txt (line 2)) (16.0)
Requirement already satisfied: zipp>=3.20 in .\venv\Lib\site-packages (from importlib_metadata->diffusers>=0.30.0->-r requirements.txt (line 3)) (3.23.0)
Requirement already satisfied: MarkupSafe>=2.0 in .\venv\Lib\site-packages (from jinja2->torch>=2.0.0->accelerate>=0.33.0->-r requirements.txt (line 5)) (3.0.3)
Requirement already satisfied: charset_normalizer<4,>=2 in .\venv\Lib\site-packages (from requests->transformers<5,>=4.44.0->-r requirements.txt (line 4)) (3.4.4)
Requirement already satisfied: urllib3<3,>=1.21.1 in .\venv\Lib\site-packages (from requests->transformers<5,>=4.44.0->-r requirements.txt (line 4)) (2.6.3)
. was unexpected at this time.
