2026-02-27 07:58:01,042 | INFO | MainThread | logger initialized file=C:\AI\VideoGen\logs\20260227_075801_videogen_pid9612.log level=DEBUG
2026-02-27 07:58:01,080 | INFO | asyncio-portal-1b278341d00 | request method=GET path=/api/settings query= status=200 elapsed_ms=1.0
2026-02-27 07:58:01,080 | INFO | AnyIO worker thread | logger initialized file=C:\AI\VideoGen\logs\20260227_075801_videogen_pid9612.log level=INFO
2026-02-27 07:58:01,080 | INFO | AnyIO worker thread | settings updated models_dir=models outputs_dir=outputs tmp_dir=tmp logs_dir=logs log_level=INFO listen_port=8000 rocm_aotriton_experimental=True require_gpu=True allow_cpu_fallback=False preload_default_t2i_on_startup=True t2v_backend=auto t2v_npu_runner= t2v_npu_model_dir=
2026-02-27 07:58:01,080 | INFO | asyncio-portal-1b279bfc8f0 | request method=PUT path=/api/settings query= status=200 elapsed_ms=3.1
2026-02-27 07:58:01,093 | INFO | asyncio-portal-1b279bfd580 | request method=GET path=/api/settings query= status=200 elapsed_ms=0.6
2026-02-27 07:58:01,093 | INFO | AnyIO worker thread | local model deleted base_dir=C:\Users\tetsuomorisaki\AppData\Local\Temp\pytest-of-tetsuomorisaki\pytest-59\test_delete_local_model_endpoi0\delete-target name=org--sample path=C:\Users\tetsuomorisaki\AppData\Local\Temp\pytest-of-tetsuomorisaki\pytest-59\test_delete_local_model_endpoi0\delete-target\org--sample
2026-02-27 07:58:01,093 | INFO | asyncio-portal-1b279c78fe0 | request method=POST path=/api/models/local/delete query= status=200 elapsed_ms=2.3
2026-02-27 07:58:01,108 | INFO | asyncio-portal-1b279c7a330 | request method=POST path=/api/models/local/delete query= status=400 elapsed_ms=1.3
2026-02-27 07:58:01,127 | INFO | asyncio-portal-1b279cde750 | request method=GET path=/api/settings query= status=200 elapsed_ms=0.6
2026-02-27 07:58:01,130 | INFO | AnyIO worker thread | settings updated models_dir=models outputs_dir=C:\Users\tetsuomorisaki\AppData\Local\Temp\pytest-of-tetsuomorisaki\pytest-59\test_outputs_list_and_delete0\outputs tmp_dir=tmp logs_dir=logs log_level=INFO listen_port=8000 rocm_aotriton_experimental=True require_gpu=True allow_cpu_fallback=False preload_default_t2i_on_startup=True t2v_backend=auto t2v_npu_runner= t2v_npu_model_dir=
2026-02-27 07:58:01,130 | INFO | asyncio-portal-1b279cdf380 | request method=PUT path=/api/settings query= status=200 elapsed_ms=2.1
2026-02-27 07:58:01,136 | INFO | AnyIO worker thread | output deleted path=C:\Users\tetsuomorisaki\AppData\Local\Temp\pytest-of-tetsuomorisaki\pytest-59\test_outputs_list_and_delete0\outputs\sample.png
2026-02-27 07:58:01,136 | INFO | asyncio-portal-1b279cf4a70 | request method=POST path=/api/outputs/delete query= status=200 elapsed_ms=1.5
2026-02-27 07:58:01,139 | INFO | asyncio-portal-1b279cf5ac0 | request method=POST path=/api/outputs/delete query= status=400 elapsed_ms=0.9
2026-02-27 07:58:01,142 | INFO | AnyIO worker thread | task created id=1c864086-0225-42ad-93fc-9fcc8561618a type=download message=Download queued
2026-02-27 07:58:01,142 | INFO | AnyIO worker thread | download requested task_id=1c864086-0225-42ad-93fc-9fcc8561618a repo=foo/bar revision=None target_dir=C:\Users\tetsuomorisaki\AppData\Local\Temp\pytest-of-tetsuomorisaki\pytest-59\test_download_task_lifecycle0\download-target
2026-02-27 07:58:01,143 | INFO | asyncio-portal-1b279cdf1a0 | request method=POST path=/api/models/download query= status=200 elapsed_ms=1.1
2026-02-27 07:58:01,145 | INFO | Thread-14 (download_model_worker) | download start task_id=1c864086-0225-42ad-93fc-9fcc8561618a repo=foo/bar revision=main target=C:\Users\tetsuomorisaki\AppData\Local\Temp\pytest-of-tetsuomorisaki\pytest-59\test_download_task_lifecycle0\download-target\foo--bar
2026-02-27 07:58:01,146 | INFO | Thread-14 (download_model_worker) | task status id=1c864086-0225-42ad-93fc-9fcc8561618a type=download queued->running progress=0.000 message=Preparing download foo/bar
2026-02-27 07:58:01,507 | INFO | Thread-14 (download_model_worker) | task status id=1c864086-0225-42ad-93fc-9fcc8561618a type=download running->completed progress=1.000 message=Download complete
2026-02-27 07:58:01,507 | INFO | Thread-14 (download_model_worker) | download done task_id=1c864086-0225-42ad-93fc-9fcc8561618a repo=foo/bar local_path=C:\Users\tetsuomorisaki\AppData\Local\Temp\pytest-of-tetsuomorisaki\pytest-59\test_download_task_lifecycle0\download-target\foo--bar
2026-02-27 07:58:01,566 | INFO | AnyIO worker thread | task created id=93f632ab-b6e5-476f-bd58-76d27b60c712 type=download message=Download queued
2026-02-27 07:58:01,566 | INFO | AnyIO worker thread | download requested task_id=93f632ab-b6e5-476f-bd58-76d27b60c712 repo=civitai/123 revision=None target_dir=C:\Users\tetsuomorisaki\AppData\Local\Temp\pytest-of-tetsuomorisaki\pytest-59\test_download_task_lifecycle_c0\download-target-civitai
2026-02-27 07:58:01,567 | INFO | asyncio-portal-1b279d18ef0 | request method=POST path=/api/models/download query= status=200 elapsed_ms=1.3
2026-02-27 07:58:01,570 | INFO | Thread-22 (download_model_worker) | download start task_id=93f632ab-b6e5-476f-bd58-76d27b60c712 repo=civitai/123 revision=main target=C:\Users\tetsuomorisaki\AppData\Local\Temp\pytest-of-tetsuomorisaki\pytest-59\test_download_task_lifecycle_c0\download-target-civitai\civitai--123
2026-02-27 07:58:01,570 | INFO | Thread-22 (download_model_worker) | task status id=93f632ab-b6e5-476f-bd58-76d27b60c712 type=download queued->running progress=0.000 message=Preparing download civitai/123
2026-02-27 07:58:01,572 | INFO | Thread-22 (download_model_worker) | task status id=93f632ab-b6e5-476f-bd58-76d27b60c712 type=download running->completed progress=1.000 message=Download complete
2026-02-27 07:58:01,572 | INFO | Thread-22 (download_model_worker) | download done task_id=93f632ab-b6e5-476f-bd58-76d27b60c712 repo=civitai/123 local_path=C:\Users\tetsuomorisaki\AppData\Local\Temp\pytest-of-tetsuomorisaki\pytest-59\test_download_task_lifecycle_c0\download-target-civitai\civitai--123
2026-02-27 07:58:01,680 | INFO | AnyIO worker thread | catalog skip incompatible task=text-to-video path=C:\AI\VideoGen\models\ali-vilab--i2vgen-xl
2026-02-27 07:58:01,681 | INFO | AnyIO worker thread | catalog skip incompatible task=text-to-video path=C:\AI\VideoGen\models\ali-vilab--VACE-Wan2.1-1.3B-Preview
2026-02-27 07:58:01,681 | INFO | AnyIO worker thread | catalog skip incompatible task=text-to-video path=C:\AI\VideoGen\models\DFloat11--Wan2.1-T2V-14B-Diffusers-DF11
2026-02-27 07:58:01,681 | INFO | AnyIO worker thread | catalog skip incompatible task=text-to-video path=C:\AI\VideoGen\models\hf-internal-testing--tiny-stable-diffusion-pipe
2026-02-27 07:58:01,681 | INFO | AnyIO worker thread | catalog skip incompatible task=text-to-video path=C:\AI\VideoGen\models\latent-consistency--lcm-lora-sdxl
2026-02-27 07:58:01,681 | INFO | AnyIO worker thread | catalog skip incompatible task=text-to-video path=C:\AI\VideoGen\models\madebyollin--sdxl-vae-fp16-fix
2026-02-27 07:58:01,681 | INFO | AnyIO worker thread | catalog skip incompatible task=text-to-video path=C:\AI\VideoGen\models\SG161222--RealVisXL_V5.0
2026-02-27 07:58:01,681 | INFO | AnyIO worker thread | catalog skip incompatible task=text-to-video path=C:\AI\VideoGen\models\stabilityai--stable-diffusion-xl-base-1.0
2026-02-27 07:58:01,700 | INFO | asyncio-portal-1b279d1a960 | request method=GET path=/api/settings query= status=200 elapsed_ms=0.5
2026-02-27 07:58:01,704 | INFO | AnyIO worker thread | settings updated models_dir=C:\Users\tetsuomorisaki\AppData\Local\Temp\pytest-of-tetsuomorisaki\pytest-59\test_model_catalog_filters_inc0\models outputs_dir=C:\Users\tetsuomorisaki\AppData\Local\Temp\pytest-of-tetsuomorisaki\pytest-59\test_outputs_list_and_delete0\outputs tmp_dir=tmp logs_dir=logs log_level=INFO listen_port=8000 rocm_aotriton_experimental=True require_gpu=True allow_cpu_fallback=False preload_default_t2i_on_startup=True t2v_backend=auto t2v_npu_runner= t2v_npu_model_dir=
2026-02-27 07:58:01,704 | INFO | asyncio-portal-1b279cf4320 | request method=PUT path=/api/settings query= status=200 elapsed_ms=2.3
2026-02-27 07:58:01,706 | INFO | AnyIO worker thread | catalog skip incompatible task=text-to-image path=C:\Users\tetsuomorisaki\AppData\Local\Temp\pytest-of-tetsuomorisaki\pytest-59\test_model_catalog_filters_inc0\models\bad--lora
2026-02-27 07:58:01,707 | INFO | AnyIO worker thread | catalog skip incompatible task=text-to-image path=C:\Users\tetsuomorisaki\AppData\Local\Temp\pytest-of-tetsuomorisaki\pytest-59\test_model_catalog_filters_inc0\models\ok--image
2026-02-27 07:58:01,708 | INFO | AnyIO worker thread | catalog skip incompatible task=text-to-image path=C:\Users\tetsuomorisaki\AppData\Local\Temp\pytest-of-tetsuomorisaki\pytest-59\test_model_catalog_filters_inc0\models\ok--image-image
2026-02-27 07:58:01,708 | INFO | AnyIO worker thread | catalog skip incompatible task=text-to-image path=C:\Users\tetsuomorisaki\AppData\Local\Temp\pytest-of-tetsuomorisaki\pytest-59\test_model_catalog_filters_inc0\models\ok--text
2026-02-27 07:58:01,712 | INFO | AnyIO worker thread | catalog skip incompatible task=image-to-image path=C:\Users\tetsuomorisaki\AppData\Local\Temp\pytest-of-tetsuomorisaki\pytest-59\test_model_catalog_filters_inc0\models\bad--lora
2026-02-27 07:58:01,712 | INFO | AnyIO worker thread | catalog skip incompatible task=image-to-image path=C:\Users\tetsuomorisaki\AppData\Local\Temp\pytest-of-tetsuomorisaki\pytest-59\test_model_catalog_filters_inc0\models\ok--image
2026-02-27 07:58:01,712 | INFO | AnyIO worker thread | catalog skip incompatible task=image-to-image path=C:\Users\tetsuomorisaki\AppData\Local\Temp\pytest-of-tetsuomorisaki\pytest-59\test_model_catalog_filters_inc0\models\ok--text
2026-02-27 07:58:01,715 | INFO | AnyIO worker thread | catalog skip incompatible task=text-to-video path=C:\Users\tetsuomorisaki\AppData\Local\Temp\pytest-of-tetsuomorisaki\pytest-59\test_model_catalog_filters_inc0\models\bad--lora
2026-02-27 07:58:01,715 | INFO | AnyIO worker thread | catalog skip incompatible task=text-to-video path=C:\Users\tetsuomorisaki\AppData\Local\Temp\pytest-of-tetsuomorisaki\pytest-59\test_model_catalog_filters_inc0\models\ok--image
2026-02-27 07:58:01,715 | INFO | AnyIO worker thread | catalog skip incompatible task=text-to-video path=C:\Users\tetsuomorisaki\AppData\Local\Temp\pytest-of-tetsuomorisaki\pytest-59\test_model_catalog_filters_inc0\models\ok--image-image
2026-02-27 07:58:01,716 | INFO | AnyIO worker thread | catalog skip incompatible task=text-to-video path=C:\Users\tetsuomorisaki\AppData\Local\Temp\pytest-of-tetsuomorisaki\pytest-59\test_model_catalog_filters_inc0\models\ok--text-image
2026-02-27 07:58:01,718 | INFO | AnyIO worker thread | catalog skip incompatible task=image-to-video path=C:\Users\tetsuomorisaki\AppData\Local\Temp\pytest-of-tetsuomorisaki\pytest-59\test_model_catalog_filters_inc0\models\bad--lora
2026-02-27 07:58:01,719 | INFO | AnyIO worker thread | catalog skip incompatible task=image-to-video path=C:\Users\tetsuomorisaki\AppData\Local\Temp\pytest-of-tetsuomorisaki\pytest-59\test_model_catalog_filters_inc0\models\ok--image-image
2026-02-27 07:58:01,719 | INFO | AnyIO worker thread | catalog skip incompatible task=image-to-video path=C:\Users\tetsuomorisaki\AppData\Local\Temp\pytest-of-tetsuomorisaki\pytest-59\test_model_catalog_filters_inc0\models\ok--text
2026-02-27 07:58:01,719 | INFO | AnyIO worker thread | catalog skip incompatible task=image-to-video path=C:\Users\tetsuomorisaki\AppData\Local\Temp\pytest-of-tetsuomorisaki\pytest-59\test_model_catalog_filters_inc0\models\ok--text-image
2026-02-27 07:58:01,731 | INFO | asyncio-portal-1b279d30b60 | request method=GET path=/api/settings query= status=200 elapsed_ms=0.5
2026-02-27 07:58:01,738 | INFO | AnyIO worker thread | settings updated models_dir=C:\Users\tetsuomorisaki\AppData\Local\Temp\pytest-of-tetsuomorisaki\pytest-59\test_text2image_task_lifecycle0\models outputs_dir=C:\Users\tetsuomorisaki\AppData\Local\Temp\pytest-of-tetsuomorisaki\pytest-59\test_text2image_task_lifecycle0\outputs tmp_dir=C:\Users\tetsuomorisaki\AppData\Local\Temp\pytest-of-tetsuomorisaki\pytest-59\test_text2image_task_lifecycle0\tmp logs_dir=logs log_level=INFO listen_port=8000 rocm_aotriton_experimental=True require_gpu=True allow_cpu_fallback=False preload_default_t2i_on_startup=True t2v_backend=auto t2v_npu_runner= t2v_npu_model_dir=
2026-02-27 07:58:01,739 | INFO | asyncio-portal-1b279d32300 | request method=PUT path=/api/settings query= status=200 elapsed_ms=6.5
2026-02-27 07:58:04,030 | INFO | AnyIO worker thread | task created id=4f1f2902-4022-4493-b9d1-2c270cfd103d type=text2image message=Generation queued
2026-02-27 07:58:04,030 | INFO | AnyIO worker thread | text2image requested task_id=4f1f2902-4022-4493-b9d1-2c270cfd103d model=(default) loras=(none) lora_scale=1.0 vae=(none) prompt_len=11 negative_len=0 steps=4 guidance=7.5 size=320x256 seed=None
2026-02-27 07:58:04,030 | INFO | asyncio-portal-1b279d18140 | request method=POST path=/api/generate/text2image query= status=200 elapsed_ms=2302.4
2026-02-27 07:58:04,048 | INFO | Thread-40 (text2image_worker) | text2image start task_id=4f1f2902-4022-4493-b9d1-2c270cfd103d model=runwayml/stable-diffusion-v1-5 loras=(none) lora_scale=1.0 vae=(none) steps=4 guidance=7.5 size=320x256 seed=None
2026-02-27 07:58:04,048 | INFO | Thread-40 (text2image_worker) | task status id=4f1f2902-4022-4493-b9d1-2c270cfd103d type=text2image queued->running progress=0.050 message=Loading model
2026-02-27 07:58:04,049 | INFO | Thread-40 (text2image_worker) | text2image inference start task_id=4f1f2902-4022-4493-b9d1-2c270cfd103d model=runwayml/stable-diffusion-v1-5 steps=4 guidance=7.5 size=320x256 callback_keys=(none)
2026-02-27 07:58:04,049 | INFO | Thread-40 (text2image_worker) | text2image inference done task_id=4f1f2902-4022-4493-b9d1-2c270cfd103d elapsed_ms=0.2
2026-02-27 07:58:04,049 | INFO | Thread-40 (text2image_worker) | task status id=4f1f2902-4022-4493-b9d1-2c270cfd103d type=text2image running->completed progress=1.000 message=Done
2026-02-27 07:58:04,049 | INFO | Thread-40 (text2image_worker) | text2image done task_id=4f1f2902-4022-4493-b9d1-2c270cfd103d output=C:\Users\tetsuomorisaki\AppData\Local\Temp\pytest-of-tetsuomorisaki\pytest-59\test_text2image_task_lifecycle0\outputs\text2image_4f1f2902-4022-4493-b9d1-2c270cfd103d.png
2026-02-27 07:58:04,157 | INFO | asyncio-portal-1b280239040 | request method=GET path=/api/settings query= status=200 elapsed_ms=0.5
2026-02-27 07:58:04,173 | INFO | AnyIO worker thread | settings updated models_dir=C:\Users\tetsuomorisaki\AppData\Local\Temp\pytest-of-tetsuomorisaki\pytest-59\test_image2image_task_lifecycl0\models_i2i outputs_dir=C:\Users\tetsuomorisaki\AppData\Local\Temp\pytest-of-tetsuomorisaki\pytest-59\test_image2image_task_lifecycl0\outputs_i2i tmp_dir=C:\Users\tetsuomorisaki\AppData\Local\Temp\pytest-of-tetsuomorisaki\pytest-59\test_image2image_task_lifecycl0\tmp_i2i logs_dir=logs log_level=INFO listen_port=8000 rocm_aotriton_experimental=True require_gpu=True allow_cpu_fallback=False preload_default_t2i_on_startup=True t2v_backend=auto t2v_npu_runner= t2v_npu_model_dir=
2026-02-27 07:58:04,173 | INFO | asyncio-portal-1b280239160 | request method=PUT path=/api/settings query= status=200 elapsed_ms=2.8
2026-02-27 07:58:04,173 | INFO | asyncio-portal-1b279d1a210 | task created id=1bbffe84-c953-45be-8686-55299ee54227 type=image2image message=Generation queued
2026-02-27 07:58:04,173 | INFO | asyncio-portal-1b279d1a210 | image2image requested task_id=1bbffe84-c953-45be-8686-55299ee54227 model=(default) loras=(none) lora_scale=1.0 vae=(none) file=input.png steps=6 guidance=7.5 strength=0.55 size=256x128 seed=None
2026-02-27 07:58:04,173 | INFO | asyncio-portal-1b279d1a210 | request method=POST path=/api/generate/image2image query= status=200 elapsed_ms=2.1
2026-02-27 07:58:04,173 | INFO | Thread-47 (image2image_worker) | image2image start task_id=1bbffe84-c953-45be-8686-55299ee54227 model=runwayml/stable-diffusion-v1-5 loras=(none) lora_scale=1.0 vae=(none) image=C:\Users\tetsuomorisaki\AppData\Local\Temp\pytest-of-tetsuomorisaki\pytest-59\test_image2image_task_lifecycl0\tmp_i2i\340194ba-4cc6-46ef-bdb2-361cdf6658bd.png steps=6 guidance=7.5 strength=0.55 size=256x128 seed=None
2026-02-27 07:58:04,173 | INFO | Thread-47 (image2image_worker) | task status id=1bbffe84-c953-45be-8686-55299ee54227 type=image2image queued->running progress=0.050 message=Loading model
2026-02-27 07:58:04,173 | INFO | Thread-47 (image2image_worker) | image2image inference start task_id=1bbffe84-c953-45be-8686-55299ee54227 model=runwayml/stable-diffusion-v1-5 steps=6 guidance=7.5 strength=0.55 callback_keys=(none)
2026-02-27 07:58:04,173 | INFO | Thread-47 (image2image_worker) | image2image inference done task_id=1bbffe84-c953-45be-8686-55299ee54227 elapsed_ms=0.1
2026-02-27 07:58:04,185 | INFO | Thread-47 (image2image_worker) | task status id=1bbffe84-c953-45be-8686-55299ee54227 type=image2image running->completed progress=1.000 message=Done
2026-02-27 07:58:04,185 | INFO | Thread-47 (image2image_worker) | image2image done task_id=1bbffe84-c953-45be-8686-55299ee54227 output=C:\Users\tetsuomorisaki\AppData\Local\Temp\pytest-of-tetsuomorisaki\pytest-59\test_image2image_task_lifecycl0\outputs_i2i\image2image_1bbffe84-c953-45be-8686-55299ee54227.png
2026-02-27 07:58:04,291 | INFO | asyncio-portal-1b28020f5c0 | request method=GET path=/api/settings query= status=200 elapsed_ms=0.6
2026-02-27 07:58:04,297 | INFO | AnyIO worker thread | settings updated models_dir=C:\Users\tetsuomorisaki\AppData\Local\Temp\pytest-of-tetsuomorisaki\pytest-59\test_lora_catalog_filters_by_b0\models_lora outputs_dir=C:\Users\tetsuomorisaki\AppData\Local\Temp\pytest-of-tetsuomorisaki\pytest-59\test_image2image_task_lifecycl0\outputs_i2i tmp_dir=C:\Users\tetsuomorisaki\AppData\Local\Temp\pytest-of-tetsuomorisaki\pytest-59\test_image2image_task_lifecycl0\tmp_i2i logs_dir=logs log_level=INFO listen_port=8000 rocm_aotriton_experimental=True require_gpu=True allow_cpu_fallback=False preload_default_t2i_on_startup=True t2v_backend=auto t2v_npu_runner= t2v_npu_model_dir=
2026-02-27 07:58:04,297 | INFO | asyncio-portal-1b2802396a0 | request method=PUT path=/api/settings query= status=200 elapsed_ms=2.1
2026-02-27 07:58:04,297 | INFO | asyncio-portal-1b28023ac30 | request method=GET path=/api/models/loras/catalog query=task=text-to-image&model_ref=runwayml%2Fstable-diffusion-v1-5 status=200 elapsed_ms=3.1
2026-02-27 07:58:04,297 | INFO | asyncio-portal-1b28023b140 | request method=GET path=/api/settings query= status=200 elapsed_ms=0.6
2026-02-27 07:58:04,311 | INFO | AnyIO worker thread | settings updated models_dir=C:\Users\tetsuomorisaki\AppData\Local\Temp\pytest-of-tetsuomorisaki\pytest-59\test_lora_catalog_filters_unkn0\models_video_lora_filter outputs_dir=C:\Users\tetsuomorisaki\AppData\Local\Temp\pytest-of-tetsuomorisaki\pytest-59\test_image2image_task_lifecycl0\outputs_i2i tmp_dir=C:\Users\tetsuomorisaki\AppData\Local\Temp\pytest-of-tetsuomorisaki\pytest-59\test_image2image_task_lifecycl0\tmp_i2i logs_dir=logs log_level=INFO listen_port=8000 rocm_aotriton_experimental=True require_gpu=True allow_cpu_fallback=False preload_default_t2i_on_startup=True t2v_backend=auto t2v_npu_runner= t2v_npu_model_dir=
2026-02-27 07:58:04,311 | INFO | asyncio-portal-1b28023b470 | request method=PUT path=/api/settings query= status=200 elapsed_ms=3.8
2026-02-27 07:58:04,311 | INFO | asyncio-portal-1b28023aed0 | request method=GET path=/api/models/loras/catalog query=task=text-to-video&model_ref=damo-vilab%2Ftext-to-video-ms-1.7b status=200 elapsed_ms=1.0
2026-02-27 07:58:04,311 | INFO | asyncio-portal-1b280239760 | request method=GET path=/api/settings query= status=200 elapsed_ms=0.5
2026-02-27 07:58:04,311 | INFO | AnyIO worker thread | settings updated models_dir=C:\Users\tetsuomorisaki\AppData\Local\Temp\pytest-of-tetsuomorisaki\pytest-59\test_text2video_worker_skips_i0\models_t2v outputs_dir=C:\Users\tetsuomorisaki\AppData\Local\Temp\pytest-of-tetsuomorisaki\pytest-59\test_text2video_worker_skips_i0\outputs_t2v tmp_dir=C:\Users\tetsuomorisaki\AppData\Local\Temp\pytest-of-tetsuomorisaki\pytest-59\test_text2video_worker_skips_i0\tmp_t2v logs_dir=logs log_level=INFO listen_port=8000 rocm_aotriton_experimental=True require_gpu=True allow_cpu_fallback=False preload_default_t2i_on_startup=True t2v_backend=auto t2v_npu_runner= t2v_npu_model_dir=
2026-02-27 07:58:04,311 | INFO | asyncio-portal-1b280250890 | request method=PUT path=/api/settings query= status=200 elapsed_ms=2.8
2026-02-27 07:58:04,311 | INFO | MainThread | task created id=b66de484-e4cf-4f04-b4b9-bee77bbb8749 type=text2video message=Generation queued
2026-02-27 07:58:04,326 | INFO | MainThread | text2video start task_id=b66de484-e4cf-4f04-b4b9-bee77bbb8749 model=damo-vilab/text-to-video-ms-1.7b backend=cuda requested_backend=cuda loras=author/lcm-lora-sdxl lora_scale=1.0 steps=2 frames=8 guidance=9.0 fps=8 seed=None
2026-02-27 07:58:04,326 | INFO | MainThread | task status id=b66de484-e4cf-4f04-b4b9-bee77bbb8749 type=text2video queued->running progress=0.050 message=Loading model
2026-02-27 07:58:04,326 | WARNING | MainThread | text2video lora skipped as incompatible task_id=b66de484-e4cf-4f04-b4b9-bee77bbb8749 model=damo-vilab/text-to-video-ms-1.7b loras=author/lcm-lora-sdxl error='UNet3DConditionModel' object has no attribute 'load_lora_adapter'
2026-02-27 07:58:04,326 | INFO | MainThread | text2video inference start task_id=b66de484-e4cf-4f04-b4b9-bee77bbb8749 model=damo-vilab/text-to-video-ms-1.7b steps=2 frames=8 guidance=9.0 callback_keys=callback_on_step_end
2026-02-27 07:58:04,326 | INFO | MainThread | text2video frame generation done task_id=b66de484-e4cf-4f04-b4b9-bee77bbb8749 elapsed_ms=0.1
2026-02-27 07:58:04,326 | INFO | MainThread | text2video encoding start task_id=b66de484-e4cf-4f04-b4b9-bee77bbb8749 frames=8 fps=8 output=C:\Users\tetsuomorisaki\AppData\Local\Temp\pytest-of-tetsuomorisaki\pytest-59\test_text2video_worker_skips_i0\outputs_t2v\text2video_b66de484-e4cf-4f04-b4b9-bee77bbb8749.mp4
2026-02-27 07:58:04,328 | INFO | MainThread | text2video encoding done task_id=b66de484-e4cf-4f04-b4b9-bee77bbb8749 encoder=fake_codec elapsed_ms=0.7
2026-02-27 07:58:04,328 | INFO | MainThread | task status id=b66de484-e4cf-4f04-b4b9-bee77bbb8749 type=text2video running->completed progress=1.000 message=Done
2026-02-27 07:58:04,328 | INFO | MainThread | text2video done task_id=b66de484-e4cf-4f04-b4b9-bee77bbb8749 backend=cuda output=C:\Users\tetsuomorisaki\AppData\Local\Temp\pytest-of-tetsuomorisaki\pytest-59\test_text2video_worker_skips_i0\outputs_t2v\text2video_b66de484-e4cf-4f04-b4b9-bee77bbb8749.mp4
2026-02-27 07:58:04,347 | INFO | AnyIO worker thread | hf cache clear dry_run=False candidates=2 removed=2 skipped=0 failed=0
2026-02-27 07:58:04,347 | INFO | asyncio-portal-1b280238f80 | request method=POST path=/api/cache/hf/clear query= status=200 elapsed_ms=2.1
