2026-02-27 07:47:42,353 | INFO | MainThread | logger initialized file=C:\AI\VideoGen\logs\20260227_074742_videogen_pid10548.log level=DEBUG
2026-02-27 07:47:42,408 | WARNING | MainThread | startup preload skipped on ROCm for stability. Set VIDEOGEN_ALLOW_ROCM_STARTUP_PRELOAD=1 to force.
2026-02-27 07:47:44,315 | DEBUG | MainThread | request method=GET path=/ query= status=200 elapsed_ms=22.7
2026-02-27 07:47:45,199 | DEBUG | MainThread | request method=GET path=/ query= status=200 elapsed_ms=1.0
2026-02-27 07:47:45,215 | DEBUG | MainThread | request method=GET path=/static/styles.css query= status=200 elapsed_ms=1.6
2026-02-27 07:47:45,223 | DEBUG | MainThread | request method=GET path=/static/app.js query= status=200 elapsed_ms=1.3
2026-02-27 07:47:45,548 | DEBUG | MainThread | request method=GET path=/api/models/local query= status=200 elapsed_ms=25.4
2026-02-27 07:47:45,551 | INFO | MainThread | request method=GET path=/api/settings query= status=200 elapsed_ms=1.1
2026-02-27 07:47:45,552 | INFO | MainThread | request method=GET path=/favicon.ico query= status=404 elapsed_ms=0.3
2026-02-27 07:47:45,560 | INFO | AnyIO worker thread | catalog skip incompatible task=text-to-image path=C:\AI\VideoGen\models\ali-vilab--i2vgen-xl
2026-02-27 07:47:45,560 | INFO | AnyIO worker thread | catalog skip incompatible task=text-to-image path=C:\AI\VideoGen\models\ali-vilab--text-to-video-ms-1.7b
2026-02-27 07:47:45,560 | INFO | AnyIO worker thread | catalog skip incompatible task=text-to-image path=C:\AI\VideoGen\models\ali-vilab--VACE-Wan2.1-1.3B-Preview
2026-02-27 07:47:45,561 | INFO | AnyIO worker thread | catalog skip incompatible task=text-to-image path=C:\AI\VideoGen\models\DFloat11--Wan2.1-T2V-14B-Diffusers-DF11
2026-02-27 07:47:45,561 | INFO | AnyIO worker thread | catalog skip incompatible task=text-to-image path=C:\AI\VideoGen\models\latent-consistency--lcm-lora-sdxl
2026-02-27 07:47:45,561 | INFO | AnyIO worker thread | catalog skip incompatible task=text-to-image path=C:\AI\VideoGen\models\madebyollin--sdxl-vae-fp16-fix
2026-02-27 07:47:45,562 | DEBUG | MainThread | request method=GET path=/api/models/catalog query=task=text-to-image&limit=40 status=200 elapsed_ms=3.5
2026-02-27 07:47:45,564 | INFO | AnyIO worker thread | catalog skip incompatible task=image-to-image path=C:\AI\VideoGen\models\ali-vilab--i2vgen-xl
2026-02-27 07:47:45,565 | INFO | AnyIO worker thread | catalog skip incompatible task=image-to-image path=C:\AI\VideoGen\models\ali-vilab--text-to-video-ms-1.7b
2026-02-27 07:47:45,565 | INFO | AnyIO worker thread | catalog skip incompatible task=image-to-image path=C:\AI\VideoGen\models\ali-vilab--VACE-Wan2.1-1.3B-Preview
2026-02-27 07:47:45,565 | INFO | AnyIO worker thread | catalog skip incompatible task=image-to-image path=C:\AI\VideoGen\models\DFloat11--Wan2.1-T2V-14B-Diffusers-DF11
2026-02-27 07:47:45,568 | INFO | AnyIO worker thread | catalog skip incompatible task=image-to-image path=C:\AI\VideoGen\models\latent-consistency--lcm-lora-sdxl
2026-02-27 07:47:45,568 | INFO | AnyIO worker thread | catalog skip incompatible task=image-to-image path=C:\AI\VideoGen\models\madebyollin--sdxl-vae-fp16-fix
2026-02-27 07:47:45,570 | DEBUG | MainThread | request method=GET path=/api/models/catalog query=task=image-to-image&limit=40 status=200 elapsed_ms=6.4
2026-02-27 07:47:45,571 | INFO | AnyIO worker thread | catalog skip incompatible task=text-to-video path=C:\AI\VideoGen\models\ali-vilab--i2vgen-xl
2026-02-27 07:47:45,572 | INFO | AnyIO worker thread | catalog skip incompatible task=text-to-video path=C:\AI\VideoGen\models\ali-vilab--VACE-Wan2.1-1.3B-Preview
2026-02-27 07:47:45,572 | INFO | AnyIO worker thread | catalog skip incompatible task=text-to-video path=C:\AI\VideoGen\models\DFloat11--Wan2.1-T2V-14B-Diffusers-DF11
2026-02-27 07:47:45,572 | INFO | AnyIO worker thread | catalog skip incompatible task=text-to-video path=C:\AI\VideoGen\models\hf-internal-testing--tiny-stable-diffusion-pipe
2026-02-27 07:47:45,572 | INFO | AnyIO worker thread | catalog skip incompatible task=text-to-video path=C:\AI\VideoGen\models\latent-consistency--lcm-lora-sdxl
2026-02-27 07:47:45,573 | INFO | AnyIO worker thread | catalog skip incompatible task=text-to-video path=C:\AI\VideoGen\models\madebyollin--sdxl-vae-fp16-fix
2026-02-27 07:47:45,573 | INFO | AnyIO worker thread | catalog skip incompatible task=text-to-video path=C:\AI\VideoGen\models\SG161222--RealVisXL_V5.0
2026-02-27 07:47:45,573 | INFO | AnyIO worker thread | catalog skip incompatible task=text-to-video path=C:\AI\VideoGen\models\stabilityai--stable-diffusion-xl-base-1.0
2026-02-27 07:47:45,573 | DEBUG | MainThread | request method=GET path=/api/models/catalog query=task=text-to-video&limit=40 status=200 elapsed_ms=2.6
2026-02-27 07:47:45,579 | INFO | AnyIO worker thread | catalog skip incompatible task=image-to-video path=C:\AI\VideoGen\models\ali-vilab--text-to-video-ms-1.7b
2026-02-27 07:47:45,580 | INFO | AnyIO worker thread | catalog skip incompatible task=image-to-video path=C:\AI\VideoGen\models\ali-vilab--VACE-Wan2.1-1.3B-Preview
2026-02-27 07:47:45,580 | INFO | AnyIO worker thread | catalog skip incompatible task=image-to-video path=C:\AI\VideoGen\models\DFloat11--Wan2.1-T2V-14B-Diffusers-DF11
2026-02-27 07:47:45,580 | INFO | AnyIO worker thread | catalog skip incompatible task=image-to-video path=C:\AI\VideoGen\models\hf-internal-testing--tiny-stable-diffusion-pipe
2026-02-27 07:47:45,580 | INFO | AnyIO worker thread | catalog skip incompatible task=image-to-video path=C:\AI\VideoGen\models\latent-consistency--lcm-lora-sdxl
2026-02-27 07:47:45,581 | INFO | AnyIO worker thread | catalog skip incompatible task=image-to-video path=C:\AI\VideoGen\models\madebyollin--sdxl-vae-fp16-fix
2026-02-27 07:47:45,581 | INFO | AnyIO worker thread | catalog skip incompatible task=image-to-video path=C:\AI\VideoGen\models\SG161222--RealVisXL_V5.0
2026-02-27 07:47:45,582 | INFO | AnyIO worker thread | catalog skip incompatible task=image-to-video path=C:\AI\VideoGen\models\stabilityai--stable-diffusion-xl-base-1.0
2026-02-27 07:47:45,582 | DEBUG | MainThread | request method=GET path=/api/models/catalog query=task=image-to-video&limit=40 status=200 elapsed_ms=8.2
2026-02-27 07:47:45,587 | INFO | MainThread | request method=GET path=/api/models/loras/catalog query=task=text-to-image&limit=200&model_ref=SG161222%2FRealVisXL_V5.0 status=200 elapsed_ms=12.0
2026-02-27 07:47:45,588 | INFO | MainThread | request method=GET path=/api/models/loras/catalog query=task=image-to-image&limit=200&model_ref=stabilityai%2Fstable-diffusion-xl-base-1.0 status=200 elapsed_ms=11.9
2026-02-27 07:47:45,592 | INFO | MainThread | request method=GET path=/api/models/loras/catalog query=task=text-to-video&limit=200&model_ref=damo-vilab%2Ftext-to-video-ms-1.7b status=200 elapsed_ms=8.9
2026-02-27 07:47:45,594 | DEBUG | MainThread | request method=GET path=/api/models/vaes/catalog query=limit=200 status=200 elapsed_ms=4.3
2026-02-27 07:47:45,596 | INFO | MainThread | request method=GET path=/api/models/loras/catalog query=task=image-to-video&limit=200&model_ref=ali-vilab%2Fi2vgen-xl status=200 elapsed_ms=7.2
2026-02-27 07:47:45,597 | DEBUG | MainThread | request method=GET path=/api/models/vaes/catalog query=limit=200 status=200 elapsed_ms=2.5
2026-02-27 07:47:57,804 | DEBUG | MainThread | request method=GET path=/api/system/info query= status=200 elapsed_ms=12535.1
2026-02-27 07:47:58,122 | DEBUG | MainThread | request method=GET path=/api/system/info query= status=200 elapsed_ms=1.5
2026-02-27 07:47:58,130 | DEBUG | MainThread | request method=GET path=/api/models/local query=dir=models status=200 elapsed_ms=6.0
2026-02-27 07:47:58,130 | DEBUG | MainThread | request method=GET path=/api/outputs query=limit=500 status=200 elapsed_ms=3.0
2026-02-27 07:47:58,146 | INFO | AnyIO worker thread | catalog skip incompatible task=text-to-image path=C:\AI\VideoGen\models\ali-vilab--i2vgen-xl
2026-02-27 07:47:58,146 | INFO | AnyIO worker thread | catalog skip incompatible task=text-to-image path=C:\AI\VideoGen\models\ali-vilab--text-to-video-ms-1.7b
2026-02-27 07:47:58,146 | INFO | AnyIO worker thread | catalog skip incompatible task=text-to-image path=C:\AI\VideoGen\models\ali-vilab--VACE-Wan2.1-1.3B-Preview
2026-02-27 07:47:58,146 | INFO | AnyIO worker thread | catalog skip incompatible task=text-to-image path=C:\AI\VideoGen\models\DFloat11--Wan2.1-T2V-14B-Diffusers-DF11
2026-02-27 07:47:58,146 | INFO | AnyIO worker thread | catalog skip incompatible task=text-to-image path=C:\AI\VideoGen\models\latent-consistency--lcm-lora-sdxl
2026-02-27 07:47:58,146 | INFO | AnyIO worker thread | catalog skip incompatible task=text-to-image path=C:\AI\VideoGen\models\madebyollin--sdxl-vae-fp16-fix
2026-02-27 07:47:58,146 | DEBUG | MainThread | request method=GET path=/api/models/catalog query=task=text-to-image&limit=40 status=200 elapsed_ms=3.3
2026-02-27 07:47:58,146 | INFO | AnyIO worker thread | catalog skip incompatible task=image-to-image path=C:\AI\VideoGen\models\ali-vilab--i2vgen-xl
2026-02-27 07:47:58,146 | INFO | AnyIO worker thread | catalog skip incompatible task=image-to-image path=C:\AI\VideoGen\models\ali-vilab--text-to-video-ms-1.7b
2026-02-27 07:47:58,146 | INFO | AnyIO worker thread | catalog skip incompatible task=image-to-image path=C:\AI\VideoGen\models\ali-vilab--VACE-Wan2.1-1.3B-Preview
2026-02-27 07:47:58,146 | INFO | AnyIO worker thread | catalog skip incompatible task=image-to-image path=C:\AI\VideoGen\models\DFloat11--Wan2.1-T2V-14B-Diffusers-DF11
2026-02-27 07:47:58,146 | INFO | AnyIO worker thread | catalog skip incompatible task=image-to-image path=C:\AI\VideoGen\models\latent-consistency--lcm-lora-sdxl
2026-02-27 07:47:58,146 | INFO | AnyIO worker thread | catalog skip incompatible task=image-to-image path=C:\AI\VideoGen\models\madebyollin--sdxl-vae-fp16-fix
2026-02-27 07:47:58,146 | DEBUG | MainThread | request method=GET path=/api/models/catalog query=task=image-to-image&limit=40 status=200 elapsed_ms=2.9
2026-02-27 07:47:58,146 | INFO | AnyIO worker thread | catalog skip incompatible task=text-to-video path=C:\AI\VideoGen\models\ali-vilab--i2vgen-xl
2026-02-27 07:47:58,146 | INFO | AnyIO worker thread | catalog skip incompatible task=text-to-video path=C:\AI\VideoGen\models\ali-vilab--VACE-Wan2.1-1.3B-Preview
2026-02-27 07:47:58,146 | INFO | AnyIO worker thread | catalog skip incompatible task=text-to-video path=C:\AI\VideoGen\models\DFloat11--Wan2.1-T2V-14B-Diffusers-DF11
2026-02-27 07:47:58,146 | INFO | AnyIO worker thread | catalog skip incompatible task=text-to-video path=C:\AI\VideoGen\models\hf-internal-testing--tiny-stable-diffusion-pipe
2026-02-27 07:47:58,146 | INFO | AnyIO worker thread | catalog skip incompatible task=text-to-video path=C:\AI\VideoGen\models\latent-consistency--lcm-lora-sdxl
2026-02-27 07:47:58,146 | INFO | AnyIO worker thread | catalog skip incompatible task=text-to-video path=C:\AI\VideoGen\models\madebyollin--sdxl-vae-fp16-fix
2026-02-27 07:47:58,146 | INFO | AnyIO worker thread | catalog skip incompatible task=text-to-video path=C:\AI\VideoGen\models\SG161222--RealVisXL_V5.0
2026-02-27 07:47:58,146 | INFO | AnyIO worker thread | catalog skip incompatible task=text-to-video path=C:\AI\VideoGen\models\stabilityai--stable-diffusion-xl-base-1.0
2026-02-27 07:47:58,146 | DEBUG | MainThread | request method=GET path=/api/models/catalog query=task=text-to-video&limit=40 status=200 elapsed_ms=2.4
2026-02-27 07:47:58,159 | INFO | AnyIO worker thread | catalog skip incompatible task=image-to-video path=C:\AI\VideoGen\models\ali-vilab--text-to-video-ms-1.7b
2026-02-27 07:47:58,159 | INFO | AnyIO worker thread | catalog skip incompatible task=image-to-video path=C:\AI\VideoGen\models\ali-vilab--VACE-Wan2.1-1.3B-Preview
2026-02-27 07:47:58,159 | INFO | AnyIO worker thread | catalog skip incompatible task=image-to-video path=C:\AI\VideoGen\models\DFloat11--Wan2.1-T2V-14B-Diffusers-DF11
2026-02-27 07:47:58,159 | INFO | AnyIO worker thread | catalog skip incompatible task=image-to-video path=C:\AI\VideoGen\models\hf-internal-testing--tiny-stable-diffusion-pipe
2026-02-27 07:47:58,159 | INFO | AnyIO worker thread | catalog skip incompatible task=image-to-video path=C:\AI\VideoGen\models\latent-consistency--lcm-lora-sdxl
2026-02-27 07:47:58,159 | INFO | AnyIO worker thread | catalog skip incompatible task=image-to-video path=C:\AI\VideoGen\models\madebyollin--sdxl-vae-fp16-fix
2026-02-27 07:47:58,159 | INFO | AnyIO worker thread | catalog skip incompatible task=image-to-video path=C:\AI\VideoGen\models\SG161222--RealVisXL_V5.0
2026-02-27 07:47:58,159 | INFO | AnyIO worker thread | catalog skip incompatible task=image-to-video path=C:\AI\VideoGen\models\stabilityai--stable-diffusion-xl-base-1.0
2026-02-27 07:47:58,161 | DEBUG | MainThread | request method=GET path=/api/models/catalog query=task=image-to-video&limit=40 status=200 elapsed_ms=3.1
2026-02-27 07:47:58,164 | INFO | MainThread | request method=GET path=/api/models/loras/catalog query=task=text-to-image&limit=200&model_ref=SG161222%2FRealVisXL_V5.0 status=200 elapsed_ms=3.1
2026-02-27 07:47:58,164 | INFO | MainThread | request method=GET path=/api/models/loras/catalog query=task=image-to-image&limit=200&model_ref=stabilityai%2Fstable-diffusion-xl-base-1.0 status=200 elapsed_ms=2.3
2026-02-27 07:47:58,164 | INFO | MainThread | request method=GET path=/api/models/loras/catalog query=task=text-to-video&limit=200&model_ref=damo-vilab%2Ftext-to-video-ms-1.7b status=200 elapsed_ms=2.2
2026-02-27 07:47:58,164 | INFO | MainThread | request method=GET path=/api/models/loras/catalog query=task=image-to-video&limit=200&model_ref=ali-vilab%2Fi2vgen-xl status=200 elapsed_ms=2.8
2026-02-27 07:47:58,176 | DEBUG | MainThread | request method=GET path=/api/models/vaes/catalog query=limit=200 status=200 elapsed_ms=1.6
2026-02-27 07:47:58,176 | DEBUG | MainThread | request method=GET path=/api/videos/text2video_9299f8bd-d7f0-4322-8347-cedc9828d175.mp4 query= status=206 elapsed_ms=1.1
2026-02-27 07:47:58,176 | DEBUG | MainThread | request method=GET path=/api/models/vaes/catalog query=limit=200 status=200 elapsed_ms=2.2
2026-02-27 07:47:58,176 | DEBUG | MainThread | request method=GET path=/api/videos/text2video_ba6ddcf0-247c-4d7f-9edc-a68c4f947b8b.mp4 query= status=206 elapsed_ms=0.8
2026-02-27 07:47:58,380 | DEBUG | MainThread | request method=GET path=/api/videos/text2video_409022be-080e-464b-9cfa-e7327029703f.mp4 query= status=206 elapsed_ms=1.8
2026-02-27 07:47:58,380 | DEBUG | MainThread | request method=GET path=/api/videos/text2video_10c65ac1-1448-4b7b-a415-0cad331463c0.mp4 query= status=206 elapsed_ms=1.0
2026-02-27 07:47:58,380 | DEBUG | MainThread | request method=GET path=/api/videos/text2video_dfd1dc08-1a88-4864-8e9c-52608064b0d8.mp4 query= status=206 elapsed_ms=0.8
2026-02-27 07:47:58,443 | DEBUG | MainThread | request method=GET path=/api/videos/text2video_dfd1dc08-1a88-4864-8e9c-52608064b0d8.mp4 query= status=206 elapsed_ms=1.2
2026-02-27 07:47:58,450 | DEBUG | MainThread | request method=GET path=/api/videos/text2video_dfd1dc08-1a88-4864-8e9c-52608064b0d8.mp4 query= status=206 elapsed_ms=0.9
2026-02-27 07:48:02,838 | DEBUG | MainThread | request method=GET path=/api/models/search query=task=text-to-image&source=all&query=&limit=30 status=200 elapsed_ms=4638.5
2026-02-27 07:48:02,845 | INFO | MainThread | request method=GET path=/api/tasks/61b38b1c-0b41-4d93-a7ad-68d42ec95b9d query= status=404 elapsed_ms=0.6
2026-02-27 07:50:18,460 | INFO | AnyIO worker thread | task created id=e1934de3-436a-452b-a123-119b98e8920a type=text2video message=Generation queued
2026-02-27 07:50:18,460 | INFO | AnyIO worker thread | text2video requested task_id=e1934de3-436a-452b-a123-119b98e8920a model=(default) backend=cuda requested_backend=auto loras=C:\AI\VideoGen\models\latent-consistency--lcm-lora-sdxl lora_scale=1.0 prompt_len=186 negative_len=0 steps=30 frames=16 guidance=9.0 fps=8 seed=None
2026-02-27 07:50:18,460 | INFO | MainThread | request method=POST path=/api/generate/text2video query= status=200 elapsed_ms=4.5
2026-02-27 07:50:18,460 | INFO | Thread-1 (text2video_worker) | text2video start task_id=e1934de3-436a-452b-a123-119b98e8920a model=damo-vilab/text-to-video-ms-1.7b backend=cuda requested_backend=auto loras=C:\AI\VideoGen\models\latent-consistency--lcm-lora-sdxl lora_scale=1.0 steps=30 frames=16 guidance=9.0 fps=8 seed=None
2026-02-27 07:50:18,460 | INFO | Thread-1 (text2video_worker) | task status id=e1934de3-436a-452b-a123-119b98e8920a type=text2video queued->running progress=0.050 message=Loading model
2026-02-27 07:50:18,460 | INFO | Thread-1 (text2video_worker) | pipeline load start kind=text-to-video model_ref=damo-vilab/text-to-video-ms-1.7b source=damo-vilab/text-to-video-ms-1.7b device=cuda dtype=torch.float16
2026-02-27 07:50:24,772 | INFO | Thread-1 (text2video_worker) | pipeline load done kind=text-to-video source=damo-vilab/text-to-video-ms-1.7b elapsed_ms=6307.4
2026-02-27 07:50:25,174 | ERROR | Thread-1 (text2video_worker) | text2video failed task_id=e1934de3-436a-452b-a123-119b98e8920a model=damo-vilab/text-to-video-ms-1.7b backend=cuda diagnostics={'device': 'cuda', 'cuda_available': True, 'rocm_available': True, 'torch_version': '2.9.1+rocmsdk20260116', 'gpu_free_bytes': 111847571456, 'gpu_total_bytes': 115822067712}
Traceback (most recent call last):
  File "C:\AI\VideoGen\main.py", line 2385, in text2video_worker
    apply_loras_to_pipeline(pipe, lora_refs, payload.lora_scale, settings)
  File "C:\AI\VideoGen\main.py", line 1099, in apply_loras_to_pipeline
    pipe.load_lora_weights(source, adapter_name=adapter_name)
  File "C:\AI\VideoGen\venv\Lib\site-packages\diffusers\loaders\lora_pipeline.py", line 217, in load_lora_weights
    self.load_lora_into_unet(
  File "C:\AI\VideoGen\venv\Lib\site-packages\diffusers\loaders\lora_pipeline.py", line 402, in load_lora_into_unet
    unet.load_lora_adapter(
    ^^^^^^^^^^^^^^^^^^^^^^
  File "C:\AI\VideoGen\venv\Lib\site-packages\diffusers\models\modeling_utils.py", line 277, in __getattr__
    return super().__getattr__(name)
           ^^^^^^^^^^^^^^^^^^^^^^^^^
  File "C:\AI\VideoGen\venv\Lib\site-packages\torch\nn\modules\module.py", line 1964, in __getattr__
    raise AttributeError(
AttributeError: 'UNet3DConditionModel' object has no attribute 'load_lora_adapter'
2026-02-27 07:50:25,180 | INFO | Thread-1 (text2video_worker) | task status id=e1934de3-436a-452b-a123-119b98e8920a type=text2video running->error progress=0.150 message=Generation failed
2026-02-27 07:50:25,180 | ERROR | Thread-1 (text2video_worker) | task error id=e1934de3-436a-452b-a123-119b98e8920a error='UNet3DConditionModel' object has no attribute 'load_lora_adapter'
